#
# There is insufficient memory for the Java Runtime Environment to continue.
# Native memory allocation (mmap) failed to map 266338304 bytes for G1 virtual space
# Possible reasons:
#   The system is out of physical RAM or swap space
#   The process is running with CompressedOops enabled, and the Java Heap may be blocking the growth of the native heap
# Possible solutions:
#   Reduce memory load on the system
#   Increase physical memory or swap space
#   Check if swap backing store is full
#   Decrease Java heap size (-Xmx/-Xms)
#   Decrease number of Java threads
#   Decrease Java thread stack sizes (-Xss)
#   Set larger code cache with -XX:ReservedCodeCacheSize=
#   JVM is running with Zero Based Compressed Oops mode in which the Java heap is
#     placed in the first 32GB address space. The Java Heap base address is the
#     maximum limit for the native heap growth. Please use -XX:HeapBaseMinAddress
#     to set the Java Heap base and to place the Java Heap above 32GB virtual address.
# This output file may be truncated or incomplete.
#
#  Out of Memory Error (os_windows.cpp:3617), pid=22364, tid=20576
#
# JRE version:  (17.0.8+7) (build )
# Java VM: OpenJDK 64-Bit Server VM (17.0.8+7-LTS, mixed mode, sharing, tiered, compressed oops, compressed class ptrs, g1 gc, windows-amd64)
# No core dump will be written. Minidumps are not enabled by default on client versions of Windows
#

---------------  S U M M A R Y ------------

Command Line: -Dmaven.multiModuleProjectDirectory=D:\graduation-project\photoshoot-project-management -Djansi.passthrough=true -Dmaven.home=C:\Users\sky\.m2\wrapper\dists\apache-maven-3.9.6-bin\439sdfsg2nbdob9ciift5h5nse\apache-maven-3.9.6 -Dclassworlds.conf=C:\Users\sky\.m2\wrapper\dists\apache-maven-3.9.6-bin\439sdfsg2nbdob9ciift5h5nse\apache-maven-3.9.6\bin\m2.conf -Dmaven.ext.class.path=C:\Program Files\JetBrains\IntelliJ IDEA 2023.3.2\plugins\maven\lib\maven-event-listener.jar -javaagent:C:\Program Files\JetBrains\IntelliJ IDEA 2023.3.2\lib\idea_rt.jar=62377:C:\Program Files\JetBrains\IntelliJ IDEA 2023.3.2\bin -Dfile.encoding=UTF-8 org.codehaus.classworlds.Launcher -Didea.version=2023.3.2 -DskipTests=true clean package

Host: Intel(R) Core(TM) i5-10400 CPU @ 2.90GHz, 12 cores, 15G,  Windows 10 , 64 bit Build 19041 (10.0.19041.3636)
Time: Sat Apr 27 21:35:09 2024 RTZ 2 (s 10 , 64 bit Build 19041 (10.0.19041.3636) elapsed time: 0.009058 seconds (0d 0h 0m 0s)

---------------  T H R E A D  ---------------

Current thread (0x0000018226298ac0):  JavaThread "Unknown thread" [_thread_in_vm, id=20576, stack(0x0000004b1b900000,0x0000004b1ba00000)]

Stack: [0x0000004b1b900000,0x0000004b1ba00000]
Native frames: (J=compiled Java code, j=interpreted, Vv=VM code, C=native code)
V  [jvm.dll+0x64c9da]
V  [jvm.dll+0x800834]
V  [jvm.dll+0x801fee]
V  [jvm.dll+0x802643]
V  [jvm.dll+0x23715b]
V  [jvm.dll+0x64977a]
V  [jvm.dll+0x63e1ca]
V  [jvm.dll+0x2f5e99]
V  [jvm.dll+0x2fd096]
V  [jvm.dll+0x349b7a]
V  [jvm.dll+0x349dbf]
V  [jvm.dll+0x2cc0d8]
V  [jvm.dll+0x2cd069]
V  [jvm.dll+0x7d4491]
V  [jvm.dll+0x357051]
V  [jvm.dll+0x7b485e]
V  [jvm.dll+0x3d45f3]
V  [jvm.dll+0x3d6041]
C  [jli.dll+0x51bf]
C  [ucrtbase.dll+0x21bb2]
C  [KERNEL32.DLL+0x17344]
C  [ntdll.dll+0x526b1]


---------------  P R O C E S S  ---------------

Threads class SMR info:
_java_thread_list=0x00007ffa7d3ff898, length=0, elements={
}

Java Threads: ( => current thread )

Other Threads:
  0x0000018226303d30 GCTaskThread "GC Thread#0" [stack: 0x0000004b1ba00000,0x0000004b1bb00000] [id=17332]
  0x0000018226314910 ConcurrentGCThread "G1 Main Marker" [stack: 0x0000004b1bb00000,0x0000004b1bc00000] [id=4548]
  0x0000018226315a70 ConcurrentGCThread "G1 Conc#0" [stack: 0x0000004b1bc00000,0x0000004b1bd00000] [id=11032]

[error occurred during error reporting (printing all threads), id 0xc0000005, EXCEPTION_ACCESS_VIOLATION (0xc0000005) at pc=0x00007ffa7cbed377]

VM state: not at safepoint (not fully initialized)

VM Mutex/Monitor currently owned by a thread:  ([mutex/lock_event])
[0x0000018226293c60] Heap_lock - owner thread: 0x0000018226298ac0

Heap address: 0x0000000702800000, size: 4056 MB, Compressed Oops mode: Zero based, Oop shift amount: 3

CDS archive(s) mapped at: [0x0000000000000000-0x0000000000000000-0x0000000000000000), size 0, SharedBaseAddress: 0x0000000800000000, ArchiveRelocationMode: 1.
Narrow klass base: 0x0000000000000000, Narrow klass shift: 0, Narrow klass range: 0x0

GC Precious Log:
<Empty>

Heap:
 garbage-first heap   total 0K, used 0K [0x0000000702800000, 0x0000000800000000)
  region size 2048K, 0 young (0K), 0 survivors (0K)

[error occurred during error reporting (printing heap information), id 0xc0000005, EXCEPTION_ACCESS_VIOLATION (0xc0000005) at pc=0x00007ffa7cfb4bd9]

GC Heap History (0 events):
No events

Dll operation events (1 events):
Event: 0.005 Loaded shared library C:\Users\sky\.jdks\corretto-17.0.8\bin\java.dll

Deoptimization events (0 events):
No events

Classes unloaded (0 events):
No events

Classes redefined (0 events):
No events

Internal exceptions (0 events):
No events

VM Operations (0 events):
No events

Events (0 events):
No events


Dynamic libraries:
0x00007ff6fb6c0000 - 0x00007ff6fb6cd000 	C:\Users\sky\.jdks\corretto-17.0.8\bin\java.exe
0x00007ffac2eb0000 - 0x00007ffac30a8000 	C:\Windows\SYSTEM32\ntdll.dll
0x00007ffac23d0000 - 0x00007ffac248d000 	C:\Windows\System32\KERNEL32.DLL
0x00007ffac0600000 - 0x00007ffac08f6000 	C:\Windows\System32\KERNELBASE.dll
0x00007ffac0d40000 - 0x00007ffac0e40000 	C:\Windows\System32\ucrtbase.dll
0x00007ffab73d0000 - 0x00007ffab73e7000 	C:\Users\sky\.jdks\corretto-17.0.8\bin\jli.dll
0x00007ffab2f00000 - 0x00007ffab2f15000 	C:\Users\sky\.jdks\corretto-17.0.8\bin\VCRUNTIME140.dll
0x00007ffac2b10000 - 0x00007ffac2caf000 	C:\Windows\System32\USER32.dll
0x00007ffaa8730000 - 0x00007ffaa89ca000 	C:\Windows\WinSxS\amd64_microsoft.windows.common-controls_6595b64144ccf1df_6.0.19041.3636_none_60b6a03d71f818d5\COMCTL32.dll
0x00007ffac0a90000 - 0x00007ffac0ab2000 	C:\Windows\System32\win32u.dll
0x00007ffac2300000 - 0x00007ffac239e000 	C:\Windows\System32\msvcrt.dll
0x00007ffac1810000 - 0x00007ffac183b000 	C:\Windows\System32\GDI32.dll
0x00007ffac0c20000 - 0x00007ffac0d37000 	C:\Windows\System32\gdi32full.dll
0x00007ffac0560000 - 0x00007ffac05fd000 	C:\Windows\System32\msvcp_win.dll
0x00007ffac17d0000 - 0x00007ffac1802000 	C:\Windows\System32\IMM32.DLL
0x00007ffa96160000 - 0x00007ffa961fb000 	C:\Users\sky\.jdks\corretto-17.0.8\bin\msvcp140.dll
0x00007ffa7c910000 - 0x00007ffa7d52d000 	C:\Users\sky\.jdks\corretto-17.0.8\bin\server\jvm.dll
0x00007ffac28a0000 - 0x00007ffac2950000 	C:\Windows\System32\ADVAPI32.dll
0x00007ffac2cb0000 - 0x00007ffac2d50000 	C:\Windows\System32\sechost.dll
0x00007ffac2770000 - 0x00007ffac2893000 	C:\Windows\System32\RPCRT4.dll
0x00007ffac0eb0000 - 0x00007ffac0ed7000 	C:\Windows\System32\bcrypt.dll
0x00007ffabdd30000 - 0x00007ffabdd39000 	C:\Windows\SYSTEM32\WSOCK32.dll
0x00007ffac0310000 - 0x00007ffac035b000 	C:\Windows\SYSTEM32\POWRPROF.dll
0x00007ffac2100000 - 0x00007ffac216b000 	C:\Windows\System32\WS2_32.dll
0x00007ffaab5c0000 - 0x00007ffaab5e7000 	C:\Windows\SYSTEM32\WINMM.dll
0x00007ffabb1b0000 - 0x00007ffabb1ba000 	C:\Windows\SYSTEM32\VERSION.dll
0x00007ffac02f0000 - 0x00007ffac0302000 	C:\Windows\SYSTEM32\UMPDC.dll
0x00007ffabe2f0000 - 0x00007ffabe302000 	C:\Windows\SYSTEM32\kernel.appcore.dll
0x00007ffab8460000 - 0x00007ffab846a000 	C:\Users\sky\.jdks\corretto-17.0.8\bin\jimage.dll
0x00007ffaab3d0000 - 0x00007ffaab5b4000 	C:\Windows\SYSTEM32\DBGHELP.DLL
0x00007ffaaaf30000 - 0x00007ffaaaf64000 	C:\Windows\SYSTEM32\dbgcore.DLL
0x00007ffac0a00000 - 0x00007ffac0a82000 	C:\Windows\System32\bcryptPrimitives.dll
0x00007ffaae590000 - 0x00007ffaae59e000 	C:\Users\sky\.jdks\corretto-17.0.8\bin\instrument.dll
0x00007ffab2cc0000 - 0x00007ffab2ce5000 	C:\Users\sky\.jdks\corretto-17.0.8\bin\java.dll

dbghelp: loaded successfully - version: 4.0.5 - missing functions: none
symbol engine: initialized successfully - sym options: 0x614 - pdb path: .;C:\Users\sky\.jdks\corretto-17.0.8\bin;C:\Windows\SYSTEM32;C:\Windows\WinSxS\amd64_microsoft.windows.common-controls_6595b64144ccf1df_6.0.19041.3636_none_60b6a03d71f818d5;C:\Users\sky\.jdks\corretto-17.0.8\bin\server

VM Arguments:
jvm_args: -Dmaven.multiModuleProjectDirectory=D:\graduation-project\photoshoot-project-management -Djansi.passthrough=true -Dmaven.home=C:\Users\sky\.m2\wrapper\dists\apache-maven-3.9.6-bin\439sdfsg2nbdob9ciift5h5nse\apache-maven-3.9.6 -Dclassworlds.conf=C:\Users\sky\.m2\wrapper\dists\apache-maven-3.9.6-bin\439sdfsg2nbdob9ciift5h5nse\apache-maven-3.9.6\bin\m2.conf -Dmaven.ext.class.path=C:\Program Files\JetBrains\IntelliJ IDEA 2023.3.2\plugins\maven\lib\maven-event-listener.jar -javaagent:C:\Program Files\JetBrains\IntelliJ IDEA 2023.3.2\lib\idea_rt.jar=62377:C:\Program Files\JetBrains\IntelliJ IDEA 2023.3.2\bin -Dfile.encoding=UTF-8 
java_command: org.codehaus.classworlds.Launcher -Didea.version=2023.3.2 -DskipTests=true clean package
java_class_path (initial): C:\Users\sky\.m2\wrapper\dists\apache-maven-3.9.6-bin\439sdfsg2nbdob9ciift5h5nse\apache-maven-3.9.6\boot\plexus-classworlds-2.7.0.jar;C:\Users\sky\.m2\wrapper\dists\apache-maven-3.9.6-bin\439sdfsg2nbdob9ciift5h5nse\apache-maven-3.9.6\boot\plexus-classworlds.license
Launcher Type: SUN_STANDARD

[Global flags]
     intx CICompilerCount                          = 4                                         {product} {ergonomic}
     uint ConcGCThreads                            = 3                                         {product} {ergonomic}
     uint G1ConcRefinementThreads                  = 10                                        {product} {ergonomic}
   size_t G1HeapRegionSize                         = 2097152                                   {product} {ergonomic}
    uintx GCDrainStackTargetSize                   = 64                                        {product} {ergonomic}
   size_t InitialHeapSize                          = 266338304                                 {product} {ergonomic}
   size_t MarkStackSize                            = 4194304                                   {product} {ergonomic}
   size_t MaxHeapSize                              = 4253024256                                {product} {ergonomic}
   size_t MinHeapDeltaBytes                        = 2097152                                   {product} {ergonomic}
   size_t MinHeapSize                              = 8388608                                   {product} {ergonomic}
    uintx NonNMethodCodeHeapSize                   = 5839372                                {pd product} {ergonomic}
    uintx NonProfiledCodeHeapSize                  = 122909434                              {pd product} {ergonomic}
    uintx ProfiledCodeHeapSize                     = 122909434                              {pd product} {ergonomic}
    uintx ReservedCodeCacheSize                    = 251658240                              {pd product} {ergonomic}
     bool SegmentedCodeCache                       = true                                      {product} {ergonomic}
   size_t SoftMaxHeapSize                          = 4253024256                             {manageable} {ergonomic}
     bool UseCompressedClassPointers               = true                           {product lp64_product} {ergonomic}
     bool UseCompressedOops                        = true                           {product lp64_product} {ergonomic}
     bool UseG1GC                                  = true                                      {product} {ergonomic}
     bool UseLargePagesIndividualAllocation        = false                                  {pd product} {ergonomic}

Logging:
Log output configuration:
 #0: stdout all=warning uptime,level,tags
 #1: stderr all=off uptime,level,tags

Environment Variables:
JAVA_HOME=C:\Program Files\Eclipse Adoptium\jdk-17.0.10.7-hotspot\
PATH=C:\Program Files\Eclipse Adoptium\jdk-17.0.10.7-hotspot\bin;C:\Program Files (x86)\NVIDIA Corporation\PhysX\Common;C:\Windows\system32;C:\Windows;C:\Windows\System32\Wbem;C:\Windows\System32\WindowsPowerShell\v1.0\;C:\Windows\System32\OpenSSH\;C:\Program Files\Git\cmd;C:\ProgramData\Microsoft\Windows\Start Menu\Programs\Java Development Kit;;C:\Program Files\Docker\Docker\resources\bin;C:\Program Files\Kubernetes\Minikube;;C:\minikube;C:\ProgramData\chocolatey\bin;C:\Program Files\MySQL\MySQL Shell 8.0\bin\;C:\Users\sky\AppData\Local\Microsoft\WindowsApps;C:\Program Files\JetBrains\IntelliJ IDEA 2022.3.1\bin;;C:\ProgramData\Microsoft\Windows\Start Menu\Programs\Java Development Kit;
USERNAME=sky
OS=Windows_NT
PROCESSOR_IDENTIFIER=Intel64 Family 6 Model 165 Stepping 3, GenuineIntel
TMP=C:\Users\sky\AppData\Local\Temp
TEMP=C:\Users\sky\AppData\Local\Temp



---------------  S Y S T E M  ---------------

OS:
 Windows 10 , 64 bit Build 19041 (10.0.19041.3636)
OS uptime: 3 days 1:12 hours
Hyper-V role detected

CPU: total 12 (initial active 12) (6 cores per cpu, 2 threads per core) family 6 model 165 stepping 3 microcode 0xcc, cx8, cmov, fxsr, ht, mmx, 3dnowpref, sse, sse2, sse3, ssse3, sse4.1, sse4.2, popcnt, lzcnt, tsc, tscinvbit, avx, avx2, aes, erms, clmul, bmi1, bmi2, adx, fma, vzeroupper, clflush, clflushopt, hv
Processor Information for all 12 processors :
  Max Mhz: 2904, Current Mhz: 2904, Mhz Limit: 2904

Memory: 4k page, system-wide physical 16223M (4048M free)
TotalPageFile size 18229M (AvailPageFile size 198M)
current process WorkingSet (physical memory assigned to process): 10M, peak: 10M
current process commit charge ("private bytes"): 64M, peak: 318M

vm_info: OpenJDK 64-Bit Server VM (17.0.8+7-LTS) for windows-amd64 JRE (17.0.8+7-LTS), built on Jul 10 2023 20:26:03 by "Administrator" with MS VC++ 15.9 (VS2017)

END.
